{"name": "test_mark_function_by_process_tag_working_tha_fails", "status": "failed", "statusDetails": {"message": "AssertionError: assert False", "trace": "self = <test_report.TestClass object at 0x108e9c7f0>\n\n    @pytest.mark.test_process_marks(\"Working\")\n    def test_mark_function_by_process_tag_working_tha_fails(self):\n>       assert False\nE       assert False\n\npytest_tests/tests/report/test_report.py:24: AssertionError"}, "attachments": [{"name": "log", "source": "2560f9d8-f12d-4d81-8a82-fcd0dceae04e-attachment.txt", "type": "text/plain"}, {"name": "stdout", "source": "84f99a16-ae9a-4252-b5bd-23df7eca2c99-attachment.txt", "type": "text/plain"}, {"name": "stderr", "source": "8105822f-f7db-4839-a5dd-27113595f0be-attachment.txt", "type": "text/plain"}], "start": 1554403075791, "stop": 1554403075791, "uuid": "574c8f06-ca25-4509-af83-44cbac0f33ee", "historyId": "a3ff2b4c72808674794ee22530cab0a5", "fullName": "tests.report.test_report.TestClass#test_mark_function_by_process_tag_working_tha_fails", "labels": [{"name": "parentSuite", "value": "tests.report"}, {"name": "suite", "value": "test_report"}, {"name": "subSuite", "value": "TestClass"}, {"name": "host", "value": "cibanez.local"}, {"name": "thread", "value": "6156-MainThread"}, {"name": "framework", "value": "pytest"}, {"name": "language", "value": "cpython3"}, {"name": "package", "value": "tests.report.test_report"}]}