{"name": "test_mark_function_by_process_tag_working_parametrized_working[17-17-349]", "status": "failed", "statusDetails": {"message": "AssertionError: assert (17 + 17) == 349", "trace": "self = <tests.test_report.TestClass object at 0x7f833a5d7358>, a = 17, b = 17\nexpected = 349\n\n    @pytest.mark.parametrize(\"a,b,expected\", test_data_working)\n    @pytest.mark.test_process_marks(\"Working\")\n    def test_mark_function_by_process_tag_working_parametrized_working(self, a, b, expected):\n>       assert a + b == expected\nE       assert (17 + 17) == 349\n\ntests/test_report.py:16: AssertionError"}, "attachments": [{"name": "Python image", "source": "de293bce-38dc-46d6-b77a-ad79974414fa-attachment.png", "type": "image/png"}, {"name": "log", "source": "ed5a8fcb-78f9-420c-95e1-17cd1cb81e43-attachment.txt", "type": "text/plain"}, {"name": "stdout", "source": "1af05573-3d5f-417a-806f-b7d7ba50e083-attachment.txt", "type": "text/plain"}, {"name": "stderr", "source": "1ce57568-515b-450e-aad3-694ec709be5e-attachment.txt", "type": "text/plain"}], "parameters": [{"name": "a", "value": "17"}, {"name": "b", "value": "17"}, {"name": "expected", "value": "349"}], "start": 1554909156628, "stop": 1554909156628, "uuid": "570ea03b-b590-4c19-96af-c6656eb09cd7", "historyId": "c4be07b0282101e7e28a3877bc103854", "fullName": "tests.test_report.TestClass#test_mark_function_by_process_tag_working_parametrized_working[17-17-349]", "labels": [{"name": "parentSuite", "value": "tests"}, {"name": "suite", "value": "test_report"}, {"name": "subSuite", "value": "TestClass"}, {"name": "host", "value": "travis-job-ccf42ae5-28fe-41e7-a475-3f585561e1b0"}, {"name": "thread", "value": "3703-MainThread"}, {"name": "framework", "value": "pytest"}, {"name": "language", "value": "cpython3"}, {"name": "package", "value": "tests.test_report"}]}