{"name": "test_mark_function_by_process_tag_working_parametrized_working[16-16-329]", "status": "failed", "statusDetails": {"message": "AssertionError: assert (16 + 16) == 329", "trace": "self = <tests.test_report.TestClass object at 0x7f18901c4a58>, a = 16, b = 16\nexpected = 329\n\n    @pytest.mark.parametrize(\"a,b,expected\", test_data_working)\n    @pytest.mark.test_process_marks(\"Working\")\n    def test_mark_function_by_process_tag_working_parametrized_working(self, a, b, expected):\n>       assert a + b == expected\nE       assert (16 + 16) == 329\n\ntests/test_report.py:16: AssertionError"}, "attachments": [{"name": "Python image", "source": "3b1aa981-ff14-4c02-89d5-e049c7927b5e-attachment.png", "type": "image/png"}, {"name": "log", "source": "a0213e13-9eec-41e6-97b2-99a481566759-attachment.txt", "type": "text/plain"}, {"name": "stdout", "source": "ef86ec38-0176-477a-9574-a7a9173cd3bc-attachment.txt", "type": "text/plain"}, {"name": "stderr", "source": "2f16d74b-096d-46df-938b-1657ddbaf73a-attachment.txt", "type": "text/plain"}], "parameters": [{"name": "a", "value": "16"}, {"name": "b", "value": "16"}, {"name": "expected", "value": "329"}], "start": 1554910863384, "stop": 1554910863385, "uuid": "650d7686-8d24-4d8f-979e-2cc4ee049425", "historyId": "c6831a040a57f0d48cb95cbc097ff8ae", "fullName": "tests.test_report.TestClass#test_mark_function_by_process_tag_working_parametrized_working[16-16-329]", "labels": [{"name": "parentSuite", "value": "tests"}, {"name": "suite", "value": "test_report"}, {"name": "subSuite", "value": "TestClass"}, {"name": "host", "value": "travis-job-94f05a0f-e5f1-443f-9831-e2d45e3f90fd"}, {"name": "thread", "value": "3720-MainThread"}, {"name": "framework", "value": "pytest"}, {"name": "language", "value": "cpython3"}, {"name": "package", "value": "tests.test_report"}]}