{"name": "test_mark_function_by_process_tag_working_parametrized_working[17-17-349]", "status": "failed", "statusDetails": {"message": "AssertionError: assert (17 + 17) == 349", "trace": "self = <tests.test_report.TestClass object at 0x7f33230b20b8>, a = 17, b = 17\nexpected = 349\n\n    @pytest.mark.parametrize(\"a,b,expected\", test_data_working)\n    @pytest.mark.test_process_marks(\"Working\")\n    def test_mark_function_by_process_tag_working_parametrized_working(self, a, b, expected):\n>       assert a + b == expected\nE       assert (17 + 17) == 349\n\ntests/test_report.py:16: AssertionError"}, "attachments": [{"name": "Python image", "source": "1e10a776-a1f1-4d7b-8ce5-51329d6c17e7-attachment.png", "type": "image/png"}, {"name": "log", "source": "bfefcb70-bdd1-477d-ba81-7e5fbad166f9-attachment.txt", "type": "text/plain"}, {"name": "stdout", "source": "fea48fbe-8455-436e-be71-fe1c849a775f-attachment.txt", "type": "text/plain"}, {"name": "stderr", "source": "555ce940-6bfe-47e5-8206-0b3b46850aa7-attachment.txt", "type": "text/plain"}], "parameters": [{"name": "a", "value": "17"}, {"name": "b", "value": "17"}, {"name": "expected", "value": "349"}], "start": 1554908189895, "stop": 1554908189895, "uuid": "8556f9b8-3352-4753-9005-dd6f457ca93f", "historyId": "c4be07b0282101e7e28a3877bc103854", "fullName": "tests.test_report.TestClass#test_mark_function_by_process_tag_working_parametrized_working[17-17-349]", "labels": [{"name": "parentSuite", "value": "tests"}, {"name": "suite", "value": "test_report"}, {"name": "subSuite", "value": "TestClass"}, {"name": "host", "value": "travis-job-bbbc4c64-cd3f-4429-b917-f2e448efd110"}, {"name": "thread", "value": "3719-MainThread"}, {"name": "framework", "value": "pytest"}, {"name": "language", "value": "cpython3"}, {"name": "package", "value": "tests.test_report"}]}