{"name": "test_mark_function_by_process_tag_working_parametrized_working[16-16-329]", "status": "failed", "statusDetails": {"message": "AssertionError: assert (16 + 16) == 329", "trace": "self = <tests.test_report.TestClass object at 0x7f9e4b641048>, a = 16, b = 16\nexpected = 329\n\n    @pytest.mark.parametrize(\"a,b,expected\", test_data_working)\n    @pytest.mark.test_process_marks(\"Working\")\n    def test_mark_function_by_process_tag_working_parametrized_working(self, a, b, expected):\n>       assert a + b == expected\nE       assert (16 + 16) == 329\n\ntests/test_report.py:16: AssertionError"}, "attachments": [{"name": "Python image", "source": "54156ddd-2d0f-43d6-8ae6-bfb0ffea566e-attachment.png", "type": "image/png"}, {"name": "log", "source": "31252a14-4c9f-42c1-9014-60402c0b1f16-attachment.txt", "type": "text/plain"}, {"name": "stdout", "source": "36a08030-b0d9-4c01-8ee0-1eb53aea2d00-attachment.txt", "type": "text/plain"}, {"name": "stderr", "source": "418c9ab2-2b8a-467c-9d36-5ee13001a052-attachment.txt", "type": "text/plain"}], "parameters": [{"name": "a", "value": "16"}, {"name": "b", "value": "16"}, {"name": "expected", "value": "329"}], "start": 1554845095497, "stop": 1554845095497, "uuid": "390f3356-0445-48d9-bac2-5f57460ca77e", "historyId": "c6831a040a57f0d48cb95cbc097ff8ae", "fullName": "tests.test_report.TestClass#test_mark_function_by_process_tag_working_parametrized_working[16-16-329]", "labels": [{"name": "parentSuite", "value": "tests"}, {"name": "suite", "value": "test_report"}, {"name": "subSuite", "value": "TestClass"}, {"name": "host", "value": "travis-job-048025d2-136c-4cbd-99b3-bd3e6e3309de"}, {"name": "thread", "value": "3825-MainThread"}, {"name": "framework", "value": "pytest"}, {"name": "language", "value": "cpython3"}, {"name": "package", "value": "tests.test_report"}]}