{"name": "test_mark_function_by_process_tag_working_parametrized_working[17-17-349]", "status": "failed", "statusDetails": {"message": "AssertionError: assert (17 + 17) == 349", "trace": "self = <tests.test_report.TestClass object at 0x7f284c43cc88>, a = 17, b = 17\nexpected = 349\n\n    @pytest.mark.parametrize(\"a,b,expected\", test_data_working)\n    @pytest.mark.test_process_marks(\"Working\")\n    def test_mark_function_by_process_tag_working_parametrized_working(self, a, b, expected):\n>       assert a + b == expected\nE       assert (17 + 17) == 349\n\ntests/test_report.py:16: AssertionError"}, "attachments": [{"name": "Python image", "source": "632e7ec7-76a2-48c2-ac51-e3544e543675-attachment.png", "type": "image/png"}, {"name": "log", "source": "cc25b5e0-f998-48ee-93fd-dad9399f767e-attachment.txt", "type": "text/plain"}, {"name": "stdout", "source": "69eaafc4-e3ce-44e9-bcb1-ce5263cff4a9-attachment.txt", "type": "text/plain"}, {"name": "stderr", "source": "b2d8fbc1-b281-41a6-a892-58d7b9f4337b-attachment.txt", "type": "text/plain"}], "parameters": [{"name": "a", "value": "17"}, {"name": "b", "value": "17"}, {"name": "expected", "value": "349"}], "start": 1554910516267, "stop": 1554910516267, "uuid": "5ce18c58-8ffb-4629-926a-db842026c51e", "historyId": "c4be07b0282101e7e28a3877bc103854", "fullName": "tests.test_report.TestClass#test_mark_function_by_process_tag_working_parametrized_working[17-17-349]", "labels": [{"name": "parentSuite", "value": "tests"}, {"name": "suite", "value": "test_report"}, {"name": "subSuite", "value": "TestClass"}, {"name": "host", "value": "travis-job-6469e431-8402-46cb-8c3f-d71eca348f85"}, {"name": "thread", "value": "3636-MainThread"}, {"name": "framework", "value": "pytest"}, {"name": "language", "value": "cpython3"}, {"name": "package", "value": "tests.test_report"}]}