{"name": "test_mark_function_by_process_tag_working_parametrized_working[17-17-349]", "status": "failed", "statusDetails": {"message": "AssertionError: assert (17 + 17) == 349", "trace": "self = <tests.test_report.TestClass object at 0x7f188ff6f1d0>, a = 17, b = 17\nexpected = 349\n\n    @pytest.mark.parametrize(\"a,b,expected\", test_data_working)\n    @pytest.mark.test_process_marks(\"Working\")\n    def test_mark_function_by_process_tag_working_parametrized_working(self, a, b, expected):\n>       assert a + b == expected\nE       assert (17 + 17) == 349\n\ntests/test_report.py:16: AssertionError"}, "attachments": [{"name": "Python image", "source": "03c13075-b110-4a4f-9e9e-9f5d4c06f2f5-attachment.png", "type": "image/png"}, {"name": "log", "source": "17cde2d5-19fe-4ed0-a1e0-eabe050236f8-attachment.txt", "type": "text/plain"}, {"name": "stdout", "source": "eda7c1a8-5b6b-4555-b353-c9af5ee26751-attachment.txt", "type": "text/plain"}, {"name": "stderr", "source": "7a6a31bb-00e4-47ef-bcde-49725cdeace4-attachment.txt", "type": "text/plain"}], "parameters": [{"name": "a", "value": "17"}, {"name": "b", "value": "17"}, {"name": "expected", "value": "349"}], "start": 1554910863431, "stop": 1554910863431, "uuid": "d8a58931-164a-4c22-a487-b045f45b5919", "historyId": "c4be07b0282101e7e28a3877bc103854", "fullName": "tests.test_report.TestClass#test_mark_function_by_process_tag_working_parametrized_working[17-17-349]", "labels": [{"name": "parentSuite", "value": "tests"}, {"name": "suite", "value": "test_report"}, {"name": "subSuite", "value": "TestClass"}, {"name": "host", "value": "travis-job-94f05a0f-e5f1-443f-9831-e2d45e3f90fd"}, {"name": "thread", "value": "3720-MainThread"}, {"name": "framework", "value": "pytest"}, {"name": "language", "value": "cpython3"}, {"name": "package", "value": "tests.test_report"}]}