{"name": "test_mark_function_by_process_tag_working_parametrized_working[16-16-329]", "status": "failed", "statusDetails": {"message": "AssertionError: assert (16 + 16) == 329", "trace": "self = <tests.test_report.TestClass object at 0x7f540a2c0e10>, a = 16, b = 16\nexpected = 329\n\n    @pytest.mark.parametrize(\"a,b,expected\", test_data_working)\n    @pytest.mark.test_process_marks(\"Working\")\n    def test_mark_function_by_process_tag_working_parametrized_working(self, a, b, expected):\n>       assert a + b == expected\nE       assert (16 + 16) == 329\n\ntests/test_report.py:16: AssertionError"}, "attachments": [{"name": "Python image", "source": "a34f6675-6f09-47d0-abce-a6f7c7fe19c4-attachment.png", "type": "image/png"}, {"name": "log", "source": "fb1f5d8b-dd22-476d-bcdf-73c21ea157ba-attachment.txt", "type": "text/plain"}, {"name": "stdout", "source": "962540fd-7eaf-4340-a40f-a26dabab6529-attachment.txt", "type": "text/plain"}, {"name": "stderr", "source": "92633180-18cf-43d8-88f7-66c0573cfec0-attachment.txt", "type": "text/plain"}], "parameters": [{"name": "a", "value": "16"}, {"name": "b", "value": "16"}, {"name": "expected", "value": "329"}], "start": 1554840080592, "stop": 1554840080592, "uuid": "d00c7f77-4ca8-4fbd-93e8-b76a34c98cd1", "historyId": "c6831a040a57f0d48cb95cbc097ff8ae", "fullName": "tests.test_report.TestClass#test_mark_function_by_process_tag_working_parametrized_working[16-16-329]", "labels": [{"name": "parentSuite", "value": "tests"}, {"name": "suite", "value": "test_report"}, {"name": "subSuite", "value": "TestClass"}, {"name": "host", "value": "travis-job-82ea0e7a-37fa-40d9-8262-444faff22aa2"}, {"name": "thread", "value": "3735-MainThread"}, {"name": "framework", "value": "pytest"}, {"name": "language", "value": "cpython3"}, {"name": "package", "value": "tests.test_report"}]}