{"name": "test_mark_function_by_process_tag_working_parametrized_working[17-17-349]", "status": "failed", "statusDetails": {"message": "AssertionError: assert (17 + 17) == 349", "trace": "self = <tests.test_report.TestClass object at 0x7fd779a426a0>, a = 17, b = 17\nexpected = 349\n\n    @pytest.mark.parametrize(\"a,b,expected\", test_data_working)\n    @pytest.mark.test_process_marks(\"Working\")\n    def test_mark_function_by_process_tag_working_parametrized_working(self, a, b, expected):\n>       assert a + b == expected\nE       assert (17 + 17) == 349\n\ntests/test_report.py:16: AssertionError"}, "attachments": [{"name": "Python image", "source": "e0ac1d26-0ef1-46fd-bef5-d79ed58da778-attachment.png", "type": "image/png"}, {"name": "log", "source": "59d647a4-b43d-4a32-8f7e-8d1c97e33408-attachment.txt", "type": "text/plain"}, {"name": "stdout", "source": "ac83ff73-e738-481c-82f9-2d0443c17074-attachment.txt", "type": "text/plain"}, {"name": "stderr", "source": "8e434f5d-eb13-45e2-974a-a7cd1d11efdd-attachment.txt", "type": "text/plain"}], "parameters": [{"name": "a", "value": "17"}, {"name": "b", "value": "17"}, {"name": "expected", "value": "349"}], "start": 1554909405343, "stop": 1554909405343, "uuid": "fd809f56-669a-4c3d-b304-db22fcf2faf1", "historyId": "c4be07b0282101e7e28a3877bc103854", "fullName": "tests.test_report.TestClass#test_mark_function_by_process_tag_working_parametrized_working[17-17-349]", "labels": [{"name": "parentSuite", "value": "tests"}, {"name": "suite", "value": "test_report"}, {"name": "subSuite", "value": "TestClass"}, {"name": "host", "value": "travis-job-ae89f81e-9381-42cb-ab76-febd5b13d6e5"}, {"name": "thread", "value": "3639-MainThread"}, {"name": "framework", "value": "pytest"}, {"name": "language", "value": "cpython3"}, {"name": "package", "value": "tests.test_report"}]}