{"name": "test_mark_function_by_process_tag_working_parametrized_working[17-17-349]", "status": "failed", "statusDetails": {"message": "AssertionError: assert (17 + 17) == 349", "trace": "self = <tests.test_report.TestClass object at 0x7f540a06b668>, a = 17, b = 17\nexpected = 349\n\n    @pytest.mark.parametrize(\"a,b,expected\", test_data_working)\n    @pytest.mark.test_process_marks(\"Working\")\n    def test_mark_function_by_process_tag_working_parametrized_working(self, a, b, expected):\n>       assert a + b == expected\nE       assert (17 + 17) == 349\n\ntests/test_report.py:16: AssertionError"}, "attachments": [{"name": "Python image", "source": "84fc2a51-d8ff-4dc1-92fa-ac5dfa995d16-attachment.png", "type": "image/png"}, {"name": "log", "source": "2a9db384-592d-408c-b251-7cf47b9a4cec-attachment.txt", "type": "text/plain"}, {"name": "stdout", "source": "0d9b163c-b362-4333-932d-4e9fbd68f284-attachment.txt", "type": "text/plain"}, {"name": "stderr", "source": "058ae720-0345-4353-8380-126aa32ad456-attachment.txt", "type": "text/plain"}], "parameters": [{"name": "a", "value": "17"}, {"name": "b", "value": "17"}, {"name": "expected", "value": "349"}], "start": 1554840080634, "stop": 1554840080634, "uuid": "a310564c-9701-48ef-a06e-228faec2208e", "historyId": "c4be07b0282101e7e28a3877bc103854", "fullName": "tests.test_report.TestClass#test_mark_function_by_process_tag_working_parametrized_working[17-17-349]", "labels": [{"name": "parentSuite", "value": "tests"}, {"name": "suite", "value": "test_report"}, {"name": "subSuite", "value": "TestClass"}, {"name": "host", "value": "travis-job-82ea0e7a-37fa-40d9-8262-444faff22aa2"}, {"name": "thread", "value": "3735-MainThread"}, {"name": "framework", "value": "pytest"}, {"name": "language", "value": "cpython3"}, {"name": "package", "value": "tests.test_report"}]}