{"name": "test_mark_function_by_process_tag_working_tha_fails", "status": "failed", "statusDetails": {"message": "AssertionError: assert False", "trace": "self = <tests.test_report.TestClass object at 0x7f29dde08630>\n\n    @pytest.mark.test_process_marks(\"Working\")\n    def test_mark_function_by_process_tag_working_tha_fails(self):\n>       assert False\nE       assert False\n\ntests/test_report.py:12: AssertionError"}, "attachments": [{"name": "Python image", "source": "31165bd0-d7d6-470c-8130-accb8ef88a4d-attachment.png", "type": "image/png"}, {"name": "log", "source": "d0d63676-41da-4e9b-8878-0be538672469-attachment.txt", "type": "text/plain"}, {"name": "stdout", "source": "81437313-7a6c-4193-9156-e5e549db53f6-attachment.txt", "type": "text/plain"}, {"name": "stderr", "source": "6c109dec-9f5d-40bf-b097-b8905cba286c-attachment.txt", "type": "text/plain"}], "start": 1554749931142, "stop": 1554749931142, "uuid": "bbf7d776-817d-46c6-9f1e-6c5601899703", "historyId": "0dd90a1f29cea8580bbf209b599ed07e", "fullName": "tests.test_report.TestClass#test_mark_function_by_process_tag_working_tha_fails", "labels": [{"name": "parentSuite", "value": "tests"}, {"name": "suite", "value": "test_report"}, {"name": "subSuite", "value": "TestClass"}, {"name": "host", "value": "travis-job-e51122ab-8738-4d52-b178-39d9f9117045"}, {"name": "thread", "value": "3727-MainThread"}, {"name": "framework", "value": "pytest"}, {"name": "language", "value": "cpython3"}, {"name": "package", "value": "tests.test_report"}]}