{"name": "test_mark_function_by_process_tag_working_parametrized_working[17-17-349]", "status": "failed", "statusDetails": {"message": "AssertionError: assert (17 + 17) == 349", "trace": "self = <tests.test_report.TestClass object at 0x7f9ebbeb7c88>, a = 17, b = 17\nexpected = 349\n\n    @pytest.mark.parametrize(\"a,b,expected\", test_data_working)\n    @pytest.mark.test_process_marks(\"Working\")\n    def test_mark_function_by_process_tag_working_parametrized_working(self, a, b, expected):\n>       assert a + b == expected\nE       assert (17 + 17) == 349\n\ntests/test_report.py:16: AssertionError"}, "attachments": [{"name": "Python image", "source": "ac964434-ddf8-4988-87a7-172a0f5dd8c2-attachment.png", "type": "image/png"}, {"name": "log", "source": "a33fd44b-fa84-4ff9-9281-7e647908158a-attachment.txt", "type": "text/plain"}, {"name": "stdout", "source": "e0cdb740-1ff4-4fa0-875f-2f849e2e82c5-attachment.txt", "type": "text/plain"}, {"name": "stderr", "source": "bf8d890b-d2b3-4b86-ab29-9f5ac8e09515-attachment.txt", "type": "text/plain"}], "parameters": [{"name": "a", "value": "17"}, {"name": "b", "value": "17"}, {"name": "expected", "value": "349"}], "start": 1554844062397, "stop": 1554844062398, "uuid": "d6a134b4-adbd-483f-960e-c7a914e7cdcf", "historyId": "c4be07b0282101e7e28a3877bc103854", "fullName": "tests.test_report.TestClass#test_mark_function_by_process_tag_working_parametrized_working[17-17-349]", "labels": [{"name": "parentSuite", "value": "tests"}, {"name": "suite", "value": "test_report"}, {"name": "subSuite", "value": "TestClass"}, {"name": "host", "value": "travis-job-675271dc-54ab-4576-8d81-f279e30816f0"}, {"name": "thread", "value": "3708-MainThread"}, {"name": "framework", "value": "pytest"}, {"name": "language", "value": "cpython3"}, {"name": "package", "value": "tests.test_report"}]}