{"name": "test_mark_function_by_process_tag_working_parametrized_working[16-16-329]", "status": "failed", "statusDetails": {"message": "AssertionError: assert (16 + 16) == 329", "trace": "self = <tests.test_report.TestClass object at 0x7fd779a3e7b8>, a = 16, b = 16\nexpected = 329\n\n    @pytest.mark.parametrize(\"a,b,expected\", test_data_working)\n    @pytest.mark.test_process_marks(\"Working\")\n    def test_mark_function_by_process_tag_working_parametrized_working(self, a, b, expected):\n>       assert a + b == expected\nE       assert (16 + 16) == 329\n\ntests/test_report.py:16: AssertionError"}, "attachments": [{"name": "Python image", "source": "c14556d4-d69b-4447-93f3-f18221a601e5-attachment.png", "type": "image/png"}, {"name": "log", "source": "e77e2a23-5f91-433c-b92b-b5cd8c5c94a8-attachment.txt", "type": "text/plain"}, {"name": "stdout", "source": "dea251d7-2dfe-4fa9-96c0-5d02a3ebcc05-attachment.txt", "type": "text/plain"}, {"name": "stderr", "source": "009c8f93-0a2d-497d-9606-6db2785fbf14-attachment.txt", "type": "text/plain"}], "parameters": [{"name": "a", "value": "16"}, {"name": "b", "value": "16"}, {"name": "expected", "value": "329"}], "start": 1554909405298, "stop": 1554909405298, "uuid": "7f636003-194d-4fbb-b72b-3bd025031d6a", "historyId": "c6831a040a57f0d48cb95cbc097ff8ae", "fullName": "tests.test_report.TestClass#test_mark_function_by_process_tag_working_parametrized_working[16-16-329]", "labels": [{"name": "parentSuite", "value": "tests"}, {"name": "suite", "value": "test_report"}, {"name": "subSuite", "value": "TestClass"}, {"name": "host", "value": "travis-job-ae89f81e-9381-42cb-ab76-febd5b13d6e5"}, {"name": "thread", "value": "3639-MainThread"}, {"name": "framework", "value": "pytest"}, {"name": "language", "value": "cpython3"}, {"name": "package", "value": "tests.test_report"}]}