{"name": "test_mark_function_by_process_tag_working_parametrized_working[16-16-329]", "status": "failed", "statusDetails": {"message": "AssertionError: assert (16 + 16) == 329", "trace": "self = <tests.test_report.TestClass object at 0x7f284c690c50>, a = 16, b = 16\nexpected = 329\n\n    @pytest.mark.parametrize(\"a,b,expected\", test_data_working)\n    @pytest.mark.test_process_marks(\"Working\")\n    def test_mark_function_by_process_tag_working_parametrized_working(self, a, b, expected):\n>       assert a + b == expected\nE       assert (16 + 16) == 329\n\ntests/test_report.py:16: AssertionError"}, "attachments": [{"name": "Python image", "source": "5d6c0bcd-055f-4eb1-b320-5a584d89560a-attachment.png", "type": "image/png"}, {"name": "log", "source": "a30d6400-6b57-43c7-8752-7ec4d97da494-attachment.txt", "type": "text/plain"}, {"name": "stdout", "source": "3a5f2fa1-789a-4d71-93a7-89f5d3d1831d-attachment.txt", "type": "text/plain"}, {"name": "stderr", "source": "255de7b6-d3b4-4e9a-ace6-1ea8a5625345-attachment.txt", "type": "text/plain"}], "parameters": [{"name": "a", "value": "16"}, {"name": "b", "value": "16"}, {"name": "expected", "value": "329"}], "start": 1554910516224, "stop": 1554910516224, "uuid": "62b40d16-d7c8-48bd-a351-62fe2c225201", "historyId": "c6831a040a57f0d48cb95cbc097ff8ae", "fullName": "tests.test_report.TestClass#test_mark_function_by_process_tag_working_parametrized_working[16-16-329]", "labels": [{"name": "parentSuite", "value": "tests"}, {"name": "suite", "value": "test_report"}, {"name": "subSuite", "value": "TestClass"}, {"name": "host", "value": "travis-job-6469e431-8402-46cb-8c3f-d71eca348f85"}, {"name": "thread", "value": "3636-MainThread"}, {"name": "framework", "value": "pytest"}, {"name": "language", "value": "cpython3"}, {"name": "package", "value": "tests.test_report"}]}