{"name": "test_mark_function_by_process_tag_working_tha_fails", "status": "failed", "statusDetails": {"message": "AssertionError: assert False", "trace": "self = <tests.test_report.TestClass object at 0x7f253c62fe10>\n\n    @pytest.mark.test_process_marks(\"Working\")\n    def test_mark_function_by_process_tag_working_tha_fails(self):\n>       assert False\nE       assert False\n\ntests/test_report.py:12: AssertionError"}, "attachments": [{"name": "Python image", "source": "3ea8adf9-497f-4069-81da-0e5c3e967231-attachment.png", "type": "image/png"}, {"name": "log", "source": "97cc0a4c-31a8-48e0-a7bf-2c7b2edf108f-attachment.txt", "type": "text/plain"}, {"name": "stdout", "source": "0ce73ecd-446a-45cc-afc2-af8f7e83d0f9-attachment.txt", "type": "text/plain"}, {"name": "stderr", "source": "214c718b-fd74-44c7-bc75-3c531aa6fdb6-attachment.txt", "type": "text/plain"}], "start": 1554743495298, "stop": 1554743495298, "uuid": "65894f8d-7a7c-4949-ac06-679bbb9f67e6", "historyId": "0dd90a1f29cea8580bbf209b599ed07e", "fullName": "tests.test_report.TestClass#test_mark_function_by_process_tag_working_tha_fails", "labels": [{"name": "parentSuite", "value": "tests"}, {"name": "suite", "value": "test_report"}, {"name": "subSuite", "value": "TestClass"}, {"name": "host", "value": "travis-job-6d70193a-7756-496e-8675-d2159ac50744"}, {"name": "thread", "value": "3656-MainThread"}, {"name": "framework", "value": "pytest"}, {"name": "language", "value": "cpython3"}, {"name": "package", "value": "tests.test_report"}]}