{"name": "test_mark_function_by_process_tag_working_parametrized_working[16-16-329]", "status": "failed", "statusDetails": {"message": "AssertionError: assert (16 + 16) == 329", "trace": "self = <tests.test_report.TestClass object at 0x7f9ebc10cc50>, a = 16, b = 16\nexpected = 329\n\n    @pytest.mark.parametrize(\"a,b,expected\", test_data_working)\n    @pytest.mark.test_process_marks(\"Working\")\n    def test_mark_function_by_process_tag_working_parametrized_working(self, a, b, expected):\n>       assert a + b == expected\nE       assert (16 + 16) == 329\n\ntests/test_report.py:16: AssertionError"}, "attachments": [{"name": "Python image", "source": "27e80354-23a3-49fd-a736-81848fb0d879-attachment.png", "type": "image/png"}, {"name": "log", "source": "b1abe089-f85f-40ef-b300-70a162f0052c-attachment.txt", "type": "text/plain"}, {"name": "stdout", "source": "4a805f1b-e889-4c7d-9f23-8af020b45cef-attachment.txt", "type": "text/plain"}, {"name": "stderr", "source": "b6006615-2038-4acb-bc88-3fbd28053fb7-attachment.txt", "type": "text/plain"}], "parameters": [{"name": "a", "value": "16"}, {"name": "b", "value": "16"}, {"name": "expected", "value": "329"}], "start": 1554844062352, "stop": 1554844062352, "uuid": "e3863357-fde2-46d9-8114-a2f0ff357f72", "historyId": "c6831a040a57f0d48cb95cbc097ff8ae", "fullName": "tests.test_report.TestClass#test_mark_function_by_process_tag_working_parametrized_working[16-16-329]", "labels": [{"name": "parentSuite", "value": "tests"}, {"name": "suite", "value": "test_report"}, {"name": "subSuite", "value": "TestClass"}, {"name": "host", "value": "travis-job-675271dc-54ab-4576-8d81-f279e30816f0"}, {"name": "thread", "value": "3708-MainThread"}, {"name": "framework", "value": "pytest"}, {"name": "language", "value": "cpython3"}, {"name": "package", "value": "tests.test_report"}]}