{"name": "test_mark_function_by_process_tag_working_parametrized_working[16-16-329]", "status": "failed", "statusDetails": {"message": "AssertionError: assert (16 + 16) == 329", "trace": "self = <tests.test_report.TestClass object at 0x7f833a82af98>, a = 16, b = 16\nexpected = 329\n\n    @pytest.mark.parametrize(\"a,b,expected\", test_data_working)\n    @pytest.mark.test_process_marks(\"Working\")\n    def test_mark_function_by_process_tag_working_parametrized_working(self, a, b, expected):\n>       assert a + b == expected\nE       assert (16 + 16) == 329\n\ntests/test_report.py:16: AssertionError"}, "attachments": [{"name": "Python image", "source": "37e6258e-6f04-40c7-aa83-5f9c6c2c7f66-attachment.png", "type": "image/png"}, {"name": "log", "source": "71ef3849-494a-4a80-83f6-06a0fd0c543e-attachment.txt", "type": "text/plain"}, {"name": "stdout", "source": "3db36d02-7f57-47c5-988e-634af66707f2-attachment.txt", "type": "text/plain"}, {"name": "stderr", "source": "76a31908-e055-4563-b571-1a566a429368-attachment.txt", "type": "text/plain"}], "parameters": [{"name": "a", "value": "16"}, {"name": "b", "value": "16"}, {"name": "expected", "value": "329"}], "start": 1554909156583, "stop": 1554909156584, "uuid": "3f0d34a6-8d77-4395-9851-507506301a61", "historyId": "c6831a040a57f0d48cb95cbc097ff8ae", "fullName": "tests.test_report.TestClass#test_mark_function_by_process_tag_working_parametrized_working[16-16-329]", "labels": [{"name": "parentSuite", "value": "tests"}, {"name": "suite", "value": "test_report"}, {"name": "subSuite", "value": "TestClass"}, {"name": "host", "value": "travis-job-ccf42ae5-28fe-41e7-a475-3f585561e1b0"}, {"name": "thread", "value": "3703-MainThread"}, {"name": "framework", "value": "pytest"}, {"name": "language", "value": "cpython3"}, {"name": "package", "value": "tests.test_report"}]}