{"name": "test_mark_function_by_process_tag_working_tha_fails", "status": "failed", "statusDetails": {"message": "AssertionError: assert False", "trace": "self = <tests.test_report.TestClass object at 0x7f44306256d8>\n\n    @pytest.mark.test_process_marks(\"Working\")\n    def test_mark_function_by_process_tag_working_tha_fails(self):\n>       assert False\nE       assert False\n\ntests/test_report.py:12: AssertionError"}, "attachments": [{"name": "Python image", "source": "65b1b2df-b5f8-4a25-9c55-a351873a483b-attachment.png", "type": "image/png"}, {"name": "log", "source": "d48511bc-87f4-402a-8c2f-823676d71dad-attachment.txt", "type": "text/plain"}, {"name": "stdout", "source": "20cfce1b-2db3-42c4-9035-a9d36968fa56-attachment.txt", "type": "text/plain"}, {"name": "stderr", "source": "49ed1f8c-80d7-4a3d-b636-2ac7f1ae9a8e-attachment.txt", "type": "text/plain"}], "start": 1554741810741, "stop": 1554741810741, "uuid": "00757ae8-3a76-4038-b246-40354001a393", "historyId": "0dd90a1f29cea8580bbf209b599ed07e", "fullName": "tests.test_report.TestClass#test_mark_function_by_process_tag_working_tha_fails", "labels": [{"name": "parentSuite", "value": "tests"}, {"name": "suite", "value": "test_report"}, {"name": "subSuite", "value": "TestClass"}, {"name": "host", "value": "travis-job-3417dcde-2598-4213-97a7-10e849685b84"}, {"name": "thread", "value": "3661-MainThread"}, {"name": "framework", "value": "pytest"}, {"name": "language", "value": "cpython3"}, {"name": "package", "value": "tests.test_report"}]}