{"name": "test_mark_function_by_process_tag_working_parametrized_working[17-17-349]", "status": "failed", "statusDetails": {"message": "AssertionError: assert (17 + 17) == 349", "trace": "self = <tests.test_report.TestClass object at 0x7f40df8cac88>, a = 17, b = 17\nexpected = 349\n\n    @pytest.mark.parametrize(\"a,b,expected\", test_data_working)\n    @pytest.mark.test_process_marks(\"Working\")\n    def test_mark_function_by_process_tag_working_parametrized_working(self, a, b, expected):\n>       assert a + b == expected\nE       assert (17 + 17) == 349\n\ntests/test_report.py:16: AssertionError"}, "attachments": [{"name": "Python image", "source": "944a08c1-ae4d-404e-a01e-500c2838e7cb-attachment.png", "type": "image/png"}, {"name": "log", "source": "8122090b-11d6-49cc-9df4-835dc25821ee-attachment.txt", "type": "text/plain"}, {"name": "stdout", "source": "e486b1bb-118d-42b8-9ce3-43dc21321da1-attachment.txt", "type": "text/plain"}, {"name": "stderr", "source": "0f2ca718-04af-497e-a506-2218af554e41-attachment.txt", "type": "text/plain"}], "parameters": [{"name": "a", "value": "17"}, {"name": "b", "value": "17"}, {"name": "expected", "value": "349"}], "start": 1554907852989, "stop": 1554907852989, "uuid": "6df4eaea-deb8-45f3-aac9-9d1dc3f8085f", "historyId": "c4be07b0282101e7e28a3877bc103854", "fullName": "tests.test_report.TestClass#test_mark_function_by_process_tag_working_parametrized_working[17-17-349]", "labels": [{"name": "parentSuite", "value": "tests"}, {"name": "suite", "value": "test_report"}, {"name": "subSuite", "value": "TestClass"}, {"name": "host", "value": "travis-job-63dd7f6f-b36b-4db4-8c78-a7a56973315f"}, {"name": "thread", "value": "3713-MainThread"}, {"name": "framework", "value": "pytest"}, {"name": "language", "value": "cpython3"}, {"name": "package", "value": "tests.test_report"}]}