{"name": "test_mark_function_by_process_tag_working_parametrized_working[16-16-329]", "status": "failed", "statusDetails": {"message": "AssertionError: assert (16 + 16) == 329", "trace": "self = <tests.test_report.TestClass object at 0x7f40dfb21c50>, a = 16, b = 16\nexpected = 329\n\n    @pytest.mark.parametrize(\"a,b,expected\", test_data_working)\n    @pytest.mark.test_process_marks(\"Working\")\n    def test_mark_function_by_process_tag_working_parametrized_working(self, a, b, expected):\n>       assert a + b == expected\nE       assert (16 + 16) == 329\n\ntests/test_report.py:16: AssertionError"}, "attachments": [{"name": "Python image", "source": "f1e24420-bfed-42b3-a781-60d5a2fabdcd-attachment.png", "type": "image/png"}, {"name": "log", "source": "edc45e79-ad7d-4fdc-8f25-a9ec29704a01-attachment.txt", "type": "text/plain"}, {"name": "stdout", "source": "ccf9591d-1608-4cc9-877e-b43e02e40159-attachment.txt", "type": "text/plain"}, {"name": "stderr", "source": "2e785108-eecb-440e-ab9c-68a28224d211-attachment.txt", "type": "text/plain"}], "parameters": [{"name": "a", "value": "16"}, {"name": "b", "value": "16"}, {"name": "expected", "value": "329"}], "start": 1554907852946, "stop": 1554907852946, "uuid": "9201a2bc-2e1b-46f1-a2d2-86ec433ef9f9", "historyId": "c6831a040a57f0d48cb95cbc097ff8ae", "fullName": "tests.test_report.TestClass#test_mark_function_by_process_tag_working_parametrized_working[16-16-329]", "labels": [{"name": "parentSuite", "value": "tests"}, {"name": "suite", "value": "test_report"}, {"name": "subSuite", "value": "TestClass"}, {"name": "host", "value": "travis-job-63dd7f6f-b36b-4db4-8c78-a7a56973315f"}, {"name": "thread", "value": "3713-MainThread"}, {"name": "framework", "value": "pytest"}, {"name": "language", "value": "cpython3"}, {"name": "package", "value": "tests.test_report"}]}