{"name": "test_mark_function_by_process_tag_working_parametrized_working[17-17-349]", "status": "failed", "statusDetails": {"message": "AssertionError: assert (17 + 17) == 349", "trace": "self = <tests.test_report.TestClass object at 0x7f9e4b8b0f60>, a = 17, b = 17\nexpected = 349\n\n    @pytest.mark.parametrize(\"a,b,expected\", test_data_working)\n    @pytest.mark.test_process_marks(\"Working\")\n    def test_mark_function_by_process_tag_working_parametrized_working(self, a, b, expected):\n>       assert a + b == expected\nE       assert (17 + 17) == 349\n\ntests/test_report.py:16: AssertionError"}, "attachments": [{"name": "Python image", "source": "47c33d54-5b91-4a49-8f57-ad5b2ff691e5-attachment.png", "type": "image/png"}, {"name": "log", "source": "2a0de42a-3ed3-4773-a256-dfcc110d4ffd-attachment.txt", "type": "text/plain"}, {"name": "stdout", "source": "c5b95cd8-99f7-4e76-b960-58583c067822-attachment.txt", "type": "text/plain"}, {"name": "stderr", "source": "54901d0d-86bd-4dfa-89f2-4004c7df579a-attachment.txt", "type": "text/plain"}], "parameters": [{"name": "a", "value": "17"}, {"name": "b", "value": "17"}, {"name": "expected", "value": "349"}], "start": 1554845095540, "stop": 1554845095541, "uuid": "4f7b5ac9-b728-45f4-ad9f-f676ff6898bf", "historyId": "c4be07b0282101e7e28a3877bc103854", "fullName": "tests.test_report.TestClass#test_mark_function_by_process_tag_working_parametrized_working[17-17-349]", "labels": [{"name": "parentSuite", "value": "tests"}, {"name": "suite", "value": "test_report"}, {"name": "subSuite", "value": "TestClass"}, {"name": "host", "value": "travis-job-048025d2-136c-4cbd-99b3-bd3e6e3309de"}, {"name": "thread", "value": "3825-MainThread"}, {"name": "framework", "value": "pytest"}, {"name": "language", "value": "cpython3"}, {"name": "package", "value": "tests.test_report"}]}