{"name": "test_mark_function_by_process_tag_working_parametrized_working[16-16-329]", "status": "failed", "statusDetails": {"message": "AssertionError: assert (16 + 16) == 329", "trace": "self = <tests.test_report.TestClass object at 0x7f33230a0a90>, a = 16, b = 16\nexpected = 329\n\n    @pytest.mark.parametrize(\"a,b,expected\", test_data_working)\n    @pytest.mark.test_process_marks(\"Working\")\n    def test_mark_function_by_process_tag_working_parametrized_working(self, a, b, expected):\n>       assert a + b == expected\nE       assert (16 + 16) == 329\n\ntests/test_report.py:16: AssertionError"}, "attachments": [{"name": "Python image", "source": "efe1048d-753c-454d-9702-758ebf26c539-attachment.png", "type": "image/png"}, {"name": "log", "source": "33c45ec3-d8a4-4026-b734-70cf771eea48-attachment.txt", "type": "text/plain"}, {"name": "stdout", "source": "f3286070-5ece-4baa-b12b-a3be0a0434df-attachment.txt", "type": "text/plain"}, {"name": "stderr", "source": "191d6c95-0856-4617-bf25-12a98d221c2e-attachment.txt", "type": "text/plain"}], "parameters": [{"name": "a", "value": "16"}, {"name": "b", "value": "16"}, {"name": "expected", "value": "329"}], "start": 1554908189851, "stop": 1554908189852, "uuid": "b2471470-1b8c-481a-8d7e-e95406764071", "historyId": "c6831a040a57f0d48cb95cbc097ff8ae", "fullName": "tests.test_report.TestClass#test_mark_function_by_process_tag_working_parametrized_working[16-16-329]", "labels": [{"name": "parentSuite", "value": "tests"}, {"name": "suite", "value": "test_report"}, {"name": "subSuite", "value": "TestClass"}, {"name": "host", "value": "travis-job-bbbc4c64-cd3f-4429-b917-f2e448efd110"}, {"name": "thread", "value": "3719-MainThread"}, {"name": "framework", "value": "pytest"}, {"name": "language", "value": "cpython3"}, {"name": "package", "value": "tests.test_report"}]}