{"name": "test_mark_function_by_process_tag_working_parametrized_working[17-17-349]", "status": "failed", "statusDetails": {"message": "AssertionError: assert (17 + 17) == 349", "trace": "self = <tests.test_report.TestClass object at 0x7f2e615953c8>, a = 17, b = 17\nexpected = 349\n\n    @pytest.mark.parametrize(\"a,b,expected\", test_data_working)\n    @pytest.mark.test_process_marks(\"Working\")\n    def test_mark_function_by_process_tag_working_parametrized_working(self, a, b, expected):\n>       assert a + b == expected\nE       assert (17 + 17) == 349\n\ntests/test_report.py:16: AssertionError"}, "attachments": [{"name": "log", "source": "4d4f1284-0fcf-49af-ae24-b0b420121a1c-attachment.txt", "type": "text/plain"}, {"name": "stdout", "source": "b9b3c926-d96d-4186-b3a4-05636ac745b0-attachment.txt", "type": "text/plain"}, {"name": "stderr", "source": "f66b92af-43ca-46c8-a42f-11d453f8996c-attachment.txt", "type": "text/plain"}], "parameters": [{"name": "a", "value": "17"}, {"name": "b", "value": "17"}, {"name": "expected", "value": "349"}], "start": 1554843314023, "stop": 1554843314024, "uuid": "5828a09f-b307-4291-86ab-5845ec2d70bf", "historyId": "c4be07b0282101e7e28a3877bc103854", "fullName": "tests.test_report.TestClass#test_mark_function_by_process_tag_working_parametrized_working[17-17-349]", "labels": [{"name": "parentSuite", "value": "tests"}, {"name": "suite", "value": "test_report"}, {"name": "subSuite", "value": "TestClass"}, {"name": "host", "value": "travis-job-72aa73d9-316a-482c-a718-fe1ab133a4a8"}, {"name": "thread", "value": "3720-MainThread"}, {"name": "framework", "value": "pytest"}, {"name": "language", "value": "cpython3"}, {"name": "package", "value": "tests.test_report"}]}